Этап 1: Получение списка всех локаций...
Найдено и сохранено 189 локаций.

Запуск в режиме умного обновления для всех локаций...
--- Поиск забегов для локации: Александров Сосенки ---
--- Поиск забегов для локации: Анапа ---
--- Поиск забегов для локации: Ангарск ---
--- Поиск забегов для локации: Пур-Наволок ---
--- Поиск забегов для локации: Петровская набережная ---
--- Поиск забегов для локации: Ахтубинск ---
--- Поиск забегов для локации: Балашиха Заречная ---
--- Поиск забегов для локации: Пестовский ---
--- Поиск забегов для локации: Барнаул ---
--- Поиск забегов для локации: Белгород Парк Победы ---
--- Поиск забегов для локации: Бийск ---
--- Поиск забегов для локации: Парк 30-Летия Октября ---
--- Поиск забегов для локации: Бузулук парк Пушкина ---
--- Поиск забегов для локации: Владикавказ Дендрарий ---
--- Поиск забегов для локации: Владимир Центральный парк ---
--- Поиск забегов для локации: Волгоград панорама ---
--- Поиск забегов для локации: Красноармейский ---
--- Поиск забегов для локации: Волжский ---
--- Поиск забегов для локации: Воркута Городской парк ---
--- Поиск забегов для локации: Воронеж Центральный парк ---
--- Поиск забегов для локации: Лебединый Рай ---
--- Поиск забегов для локации: Гатчина Приоратский ---
--- Поиск забегов для локации: Горно-Алтайск ---
--- Поиск забегов для локации: Горячий Ключ ---
--- Поиск забегов для локации: Грязи ---
--- Поиск забегов для локации: Губаха ---
--- Поиск забегов для локации: Динская ---
--- Поиск забегов для локации: Долгопрудный ---
--- Поиск забегов для локации: Домодедово ---
--- Поиск забегов для локации: Академический ---
--- Поиск забегов для локации: Парк Маяковского ---
--- Поиск забегов для локации: Плотинка ---
--- Поиск забегов для локации: Ессентуки Городское озеро ---
--- Поиск забегов для локации: Железноводский ---
--- Поиск забегов для локации: Жуковский ---
--- Поиск забегов для локации: Зеленогорск ---
--- Поиск забегов для локации: Зеленодольск ---
--- Поиск забегов для локации: Парк Кирова ---
--- Поиск забегов для локации: Иннополис ---
--- Поиск забегов для локации: Иркутск остров Юность ---
--- Поиск забегов для локации: Истра ---
--- Поиск забегов для локации: Йошкар-Ола Аллея Здоровья ---
--- Поиск забегов для локации: Казань центральный парк ---
--- Поиск забегов для локации: Нижний пруд ---
--- Поиск забегов для локации: Калуга ---
--- Поиск забегов для локации: Каменск-Уральский ---
--- Поиск забегов для локации: Комсомольский ---
--- Поиск забегов для локации: Кимры ---
--- Поиск забегов для локации: Киров Набережная Грина ---
--- Поиск забегов для локации: Кисловодский парк ---
--- Поиск забегов для локации: Клин Сестрорецкий парк ---
--- Поиск забегов для локации: Коломна Парк Мира ---
--- Поиск забегов для локации: Кольчугино Городской парк ---
--- Поиск забегов для локации: Королёв ---
--- Поиск забегов для локации: Котельники Кузьминский ---
--- Поиск забегов для локации: Губайловский Экопарк ---
--- Поиск забегов для локации: Павшинская Пойма ---
--- Поиск забегов для локации: Солнечный остров ---
--- Поиск забегов для локации: Чистяковская роща ---
--- Поиск забегов для локации: Красноярск набережная ---
--- Поиск забегов для локации: Красный Сулин ---
--- Поиск забегов для локации: Кстово ---
--- Поиск забегов для локации: Мега Парк Кудрово ---
--- Поиск забегов для локации: Курган Центральный парк ---
--- Поиск забегов для локации: Боева Дача ---
--- Поиск забегов для локации: Тёплый Берег ---
--- Поиск забегов для локации: Липецк Парк Победы ---
--- Поиск забегов для локации: Лихославль ---
--- Поиск забегов для локации: Лобня Городской парк ---
--- Поиск забегов для локации: Люберцы Наташинский ---
--- Поиск забегов для локации: Люберцы Томилинский ---
--- Поиск забегов для локации: Магнитогорск Экопарк ---
--- Поиск забегов для локации: Парк Южный ---
--- Поиск забегов для локации: Притяжение ---
--- Поиск забегов для локации: Майкоп Городской парк ---
--- Поиск забегов для локации: Мариуполь ---
--- Поиск забегов для локации: Михайловка ---
--- Поиск забегов для локации: Алёшкинский лес ---
--- Поиск забегов для локации: Бабушкинский на Яузе ---
--- Поиск забегов для локации: Бирюлёвский дендропарк ---
--- Поиск забегов для локации: Битца ---
--- Поиск забегов для локации: Бутово ---
--- Поиск забегов для локации: ВДНХ ---
--- Поиск забегов для локации: Вернадского ---
--- Поиск забегов для локации: Дружба ---
--- Поиск забегов для локации: Зеленоград ---
--- Поиск забегов для локации: Коломенское ---
--- Поиск забегов для локации: Крылатское ---
--- Поиск забегов для локации: Марьино ---
--- Поиск забегов для локации: Митино ---
--- Поиск забегов для локации: Михалково ---
--- Поиск забегов для локации: Парк Горького ---
--- Поиск забегов для локации: Парк Победы ---
--- Поиск забегов для локации: Рассказовка ---